[Sphinx build/sphinx-build] â­ Run Set up job
[Sphinx build/sphinx-build] ğŸš€  Start image=catthehacker/ubuntu:act-latest
[Sphinx build/sphinx-build]   ğŸ³  docker pull image=catthehacker/ubuntu:act-latest platform= username= forcePull=true
[Sphinx build/sphinx-build]   ğŸ³  docker create image=catthehacker/ubuntu:act-latest platform= entrypoint=["tail" "-f" "/dev/null"] cmd=[] network="host"
[Sphinx build/sphinx-build]   ğŸ³  docker run image=catthehacker/ubuntu:act-latest platform= entrypoint=["tail" "-f" "/dev/null"] cmd=[] network="host"
[Sphinx build/sphinx-build]   ğŸ³  docker exec cmd=[node --no-warnings -e console.log(process.execPath)] user= workdir=
[Sphinx build/sphinx-build]   âœ…  Success - Set up job
[Sphinx build/sphinx-build]   â˜  git clone 'https://github.com/ammaraskar/sphinx-action' # ref=7.0.0
[Sphinx build/sphinx-build]   â˜  git clone 'https://github.com/actions/upload-artifact' # ref=v4
[Sphinx build/sphinx-build]   â˜  git clone 'https://github.com/peaceiris/actions-gh-pages' # ref=v4
[Sphinx build/sphinx-build] â­ Run Main actions/checkout@v6
[Sphinx build/sphinx-build]   ğŸ³  docker cp src=/home/ranjan/Documents/projects/test/backmap/. dst=/home/ranjan/Documents/projects/test/backmap
[Sphinx build/sphinx-build]   âœ…  Success - Main actions/checkout@v6 [57.103318ms]
[Sphinx build/sphinx-build] â­ Run Main Build HTML
[Sphinx build/sphinx-build]   ğŸ³  docker build -t act-ammaraskar-sphinx-action-7-0-0-dockeraction:latest /home/ranjan/.cache/act/ammaraskar-sphinx-action@7.0.0
[Sphinx build/sphinx-build]   ğŸ³  docker pull image=act-ammaraskar-sphinx-action-7-0-0-dockeraction:latest platform= username= forcePull=false
[Sphinx build/sphinx-build]   ğŸ³  docker create image=act-ammaraskar-sphinx-action-7-0-0-dockeraction:latest platform= entrypoint=[] cmd=[] network="container:act-Sphinx-build-sphinx-build-1d2f2c1fc6f91911f149dd34795e5e8c2b01823b66c20e6efb0bdfcad78bf8b0"
[Sphinx build/sphinx-build]   ğŸ³  docker run image=act-ammaraskar-sphinx-action-7-0-0-dockeraction:latest platform= entrypoint=[] cmd=[] network="container:act-Sphinx-build-sphinx-build-1d2f2c1fc6f91911f149dd34795e5e8c2b01823b66c20e6efb0bdfcad78bf8b0"
[Sphinx build/sphinx-build]   | sh: 1: sudo: not found
[Sphinx build/sphinx-build]   | Collecting pandas (from -r docs/requirements.txt (line 1))
[Sphinx build/sphinx-build]   |   Obtaining dependency information for pandas from https://files.pythonhosted.org/packages/bf/c9/63f8d545568d9ab91476b1818b4741f521646cbdd151c6efebf40d6de6f7/pandas-2.3.3-cp311-cp311-manylinux_2_24_x86_64.manylinux_2_28_x86_64.whl.metadata
[Sphinx build/sphinx-build]   |   Downloading pandas-2.3.3-cp311-cp311-manylinux_2_24_x86_64.manylinux_2_28_x86_64.whl.metadata (91 kB)
[Sphinx build/sphinx-build]   |      â”â”â”â”â”â”â”â”â”â”â”â”â”â”â”â”â”â”â”â”â”â”â”â”â”â”â”â”â”â”â”â”â”â”â”â”â”â”â”â” 91.2/91.2 kB 3.6 MB/s eta 0:00:00
[Sphinx build/sphinx-build]   | Collecting matplotlib (from -r docs/requirements.txt (line 2))
[Sphinx build/sphinx-build]   |   Obtaining dependency information for matplotlib from https://files.pythonhosted.org/packages/10/b7/4aa196155b4d846bd749cf82aa5a4c300cf55a8b5e0dfa5b722a63c0f8a0/matplotlib-3.10.7-cp311-cp311-manylinux2014_x86_64.manylinux_2_17_x86_64.whl.metadata
[Sphinx build/sphinx-build]   |   Downloading matplotlib-3.10.7-cp311-cp311-manylinux2014_x86_64.manylinux_2_17_x86_64.whl.metadata (11 kB)
[Sphinx build/sphinx-build]   | Collecting Bio (from -r docs/requirements.txt (line 3))
[Sphinx build/sphinx-build]   |   Obtaining dependency information for Bio from https://files.pythonhosted.org/packages/c6/7f/92df879e04dd95e6668150421ade86966f0fede3b842af18fbfa370a131c/bio-1.8.1-py3-none-any.whl.metadata
[Sphinx build/sphinx-build]   |   Downloading bio-1.8.1-py3-none-any.whl.metadata (5.7 kB)
[Sphinx build/sphinx-build]   | Collecting typer (from -r docs/requirements.txt (line 4))
[Sphinx build/sphinx-build]   |   Obtaining dependency information for typer from https://files.pythonhosted.org/packages/78/64/7713ffe4b5983314e9d436a90d5bd4f63b6054e2aca783a3cfc44cb95bbf/typer-0.20.0-py3-none-any.whl.metadata
[Sphinx build/sphinx-build]   |   Downloading typer-0.20.0-py3-none-any.whl.metadata (16 kB)
[Sphinx build/sphinx-build]   | Collecting ipython (from -r docs/requirements.txt (line 5))
[Sphinx build/sphinx-build]   |   Obtaining dependency information for ipython from https://files.pythonhosted.org/packages/05/aa/62893d6a591d337aa59dcc4c6f6c842f1fe20cd72c8c5c1f980255243252/ipython-9.7.0-py3-none-any.whl.metadata
[Sphinx build/sphinx-build]   |   Downloading ipython-9.7.0-py3-none-any.whl.metadata (4.5 kB)
[Sphinx build/sphinx-build]   | Collecting ipython_genutils (from -r docs/requirements.txt (line 6))
[Sphinx build/sphinx-build]   |   Obtaining dependency information for ipython_genutils from https://files.pythonhosted.org/packages/fa/bc/9bd3b5c2b4774d5f33b2d544f1460be9df7df2fe42f352135381c347c69a/ipython_genutils-0.2.0-py2.py3-none-any.whl.metadata
[Sphinx build/sphinx-build]   |   Downloading ipython_genutils-0.2.0-py2.py3-none-any.whl.metadata (755 bytes)
[Sphinx build/sphinx-build]   | Collecting ipywidgets (from -r docs/requirements.txt (line 7))
[Sphinx build/sphinx-build]   |   Obtaining dependency information for ipywidgets from https://files.pythonhosted.org/packages/56/6d/0d9848617b9f753b87f214f1c682592f7ca42de085f564352f10f0843026/ipywidgets-8.1.8-py3-none-any.whl.metadata
[Sphinx build/sphinx-build]   |   Downloading ipywidgets-8.1.8-py3-none-any.whl.metadata (2.4 kB)
[Sphinx build/sphinx-build]   | Requirement already satisfied: markupsafe in /usr/local/lib/python3.11/site-packages (from -r docs/requirements.txt (line 8)) (2.1.3)
[Sphinx build/sphinx-build]   | Collecting myst-parser (from -r docs/requirements.txt (line 9))
[Sphinx build/sphinx-build]   |   Obtaining dependency information for myst-parser from https://files.pythonhosted.org/packages/5f/df/76d0321c3797b54b60fef9ec3bd6f4cfd124b9e422182156a1dd418722cf/myst_parser-4.0.1-py3-none-any.whl.metadata
[Sphinx build/sphinx-build]   |   Downloading myst_parser-4.0.1-py3-none-any.whl.metadata (5.5 kB)
[Sphinx build/sphinx-build]   | Collecting nbsphinx (from -r docs/requirements.txt (line 10))
[Sphinx build/sphinx-build]   |   Obtaining dependency information for nbsphinx from https://files.pythonhosted.org/packages/49/2d/8c8e635bcc6757573d311bb3c5445426382f280da32b8cd6d82d501ef4a4/nbsphinx-0.9.7-py3-none-any.whl.metadata
[Sphinx build/sphinx-build]   |   Downloading nbsphinx-0.9.7-py3-none-any.whl.metadata (2.3 kB)
[Sphinx build/sphinx-build]   | Collecting nbsphinx-link (from -r docs/requirements.txt (line 11))
[Sphinx build/sphinx-build]   |   Obtaining dependency information for nbsphinx-link from https://files.pythonhosted.org/packages/6e/8f/cd4bb6849fef05dafc02e38b3c9b9e985d266c3ca7cb485c3160ddeb96f2/nbsphinx_link-1.3.1-py3-none-any.whl.metadata
[Sphinx build/sphinx-build]   |   Downloading nbsphinx_link-1.3.1-py3-none-any.whl.metadata (1.1 kB)
[Sphinx build/sphinx-build]   | Collecting shapely (from -r docs/requirements.txt (line 12))
[Sphinx build/sphinx-build]   |   Obtaining dependency information for shapely from https://files.pythonhosted.org/packages/13/02/58b0b8d9c17c93ab6340edd8b7308c0c5a5b81f94ce65705819b7416dba5/shapely-2.1.2-cp311-cp311-manylinux2014_x86_64.manylinux_2_17_x86_64.whl.metadata
[Sphinx build/sphinx-build]   |   Downloading shapely-2.1.2-cp311-cp311-manylinux2014_x86_64.manylinux_2_17_x86_64.whl.metadata (6.8 kB)
[Sphinx build/sphinx-build]   | Requirement already satisfied: sphinx in /usr/local/lib/python3.11/site-packages (from -r docs/requirements.txt (line 13)) (7.0.0)
[Sphinx build/sphinx-build]   | Collecting sphinx-markdown-builder (from -r docs/requirements.txt (line 14))
[Sphinx build/sphinx-build]   |   Obtaining dependency information for sphinx-markdown-builder from https://files.pythonhosted.org/packages/31/98/7e8e11d4edce0947d89c5d00ed43d925a5254dc9733579382b04f77e5ff2/sphinx_markdown_builder-0.6.8-py3-none-any.whl.metadata
[Sphinx build/sphinx-build]   |   Downloading sphinx_markdown_builder-0.6.8-py3-none-any.whl.metadata (3.6 kB)
[Sphinx build/sphinx-build]   | Collecting sphinx-rtd-theme (from -r docs/requirements.txt (line 15))
[Sphinx build/sphinx-build]   |   Obtaining dependency information for sphinx-rtd-theme from https://files.pythonhosted.org/packages/85/77/46e3bac77b82b4df5bb5b61f2de98637724f246b4966cfc34bc5895d852a/sphinx_rtd_theme-3.0.2-py2.py3-none-any.whl.metadata
[Sphinx build/sphinx-build]   |   Downloading sphinx_rtd_theme-3.0.2-py2.py3-none-any.whl.metadata (4.4 kB)
[Sphinx build/sphinx-build]   | Collecting numpy>=1.23.2 (from pandas->-r docs/requirements.txt (line 1))
[Sphinx build/sphinx-build]   |   Obtaining dependency information for numpy>=1.23.2 from https://files.pythonhosted.org/packages/65/fb/2b23769462b34398d9326081fad5655198fcf18966fcb1f1e49db44fbf31/numpy-2.3.5-cp311-cp311-manylinux_2_27_x86_64.manylinux_2_28_x86_64.whl.metadata
[Sphinx build/sphinx-build]   |   Downloading numpy-2.3.5-cp311-cp311-manylinux_2_27_x86_64.manylinux_2_28_x86_64.whl.metadata (62 kB)
[Sphinx build/sphinx-build]   |      â”â”â”â”â”â”â”â”â”â”â”â”â”â”â”â”â”â”â”â”â”â”â”â”â”â”â”â”â”â”â”â”â”â”â”â”â”â”â”â” 62.1/62.1 kB 11.6 MB/s eta 0:00:00
[Sphinx build/sphinx-build]   | Collecting python-dateutil>=2.8.2 (from pandas->-r docs/requirements.txt (line 1))
[Sphinx build/sphinx-build]   |   Obtaining dependency information for python-dateutil>=2.8.2 from https://files.pythonhosted.org/packages/ec/57/56b9bcc3c9c6a792fcbaf139543cee77261f3651ca9da0c93f5c1221264b/python_dateutil-2.9.0.post0-py2.py3-none-any.whl.metadata
[Sphinx build/sphinx-build]   |   Downloading python_dateutil-2.9.0.post0-py2.py3-none-any.whl.metadata (8.4 kB)
[Sphinx build/sphinx-build]   | Collecting pytz>=2020.1 (from pandas->-r docs/requirements.txt (line 1))
[Sphinx build/sphinx-build]   |   Obtaining dependency information for pytz>=2020.1 from https://files.pythonhosted.org/packages/81/c4/34e93fe5f5429d7570ec1fa436f1986fb1f00c3e0f43a589fe2bbcd22c3f/pytz-2025.2-py2.py3-none-any.whl.metadata
[Sphinx build/sphinx-build]   |   Downloading pytz-2025.2-py2.py3-none-any.whl.metadata (22 kB)
[Sphinx build/sphinx-build]   | Collecting tzdata>=2022.7 (from pandas->-r docs/requirements.txt (line 1))
[Sphinx build/sphinx-build]   |   Obtaining dependency information for tzdata>=2022.7 from https://files.pythonhosted.org/packages/5c/23/c7abc0ca0a1526a0774eca151daeb8de62ec457e77262b66b359c3c7679e/tzdata-2025.2-py2.py3-none-any.whl.metadata
[Sphinx build/sphinx-build]   |   Downloading tzdata-2025.2-py2.py3-none-any.whl.metadata (1.4 kB)
[Sphinx build/sphinx-build]   | Collecting contourpy>=1.0.1 (from matplotlib->-r docs/requirements.txt (line 2))
[Sphinx build/sphinx-build]   |   Obtaining dependency information for contourpy>=1.0.1 from https://files.pythonhosted.org/packages/5f/4b/6157f24ca425b89fe2eb7e7be642375711ab671135be21e6faa100f7448c/contourpy-1.3.3-cp311-cp311-manylinux_2_27_x86_64.manylinux_2_28_x86_64.whl.metadata
[Sphinx build/sphinx-build]   |   Downloading contourpy-1.3.3-cp311-cp311-manylinux_2_27_x86_64.manylinux_2_28_x86_64.whl.metadata (5.5 kB)
[Sphinx build/sphinx-build]   | Collecting cycler>=0.10 (from matplotlib->-r docs/requirements.txt (line 2))
[Sphinx build/sphinx-build]   |   Obtaining dependency information for cycler>=0.10 from https://files.pythonhosted.org/packages/e7/05/c19819d5e3d95294a6f5947fb9b9629efb316b96de511b418c53d245aae6/cycler-0.12.1-py3-none-any.whl.metadata
[Sphinx build/sphinx-build]   |   Downloading cycler-0.12.1-py3-none-any.whl.metadata (3.8 kB)
[Sphinx build/sphinx-build]   | Collecting fonttools>=4.22.0 (from matplotlib->-r docs/requirements.txt (line 2))
[Sphinx build/sphinx-build]   |   Obtaining dependency information for fonttools>=4.22.0 from https://files.pythonhosted.org/packages/d2/d2/9f4e4c4374dd1daa8367784e1bd910f18ba886db1d6b825b12edf6db3edc/fonttools-4.60.1-cp311-cp311-manylinux2014_x86_64.manylinux_2_17_x86_64.whl.metadata
[Sphinx build/sphinx-build]   |   Downloading fonttools-4.60.1-cp311-cp311-manylinux2014_x86_64.manylinux_2_17_x86_64.whl.metadata (112 kB)
[Sphinx build/sphinx-build]   |      â”â”â”â”â”â”â”â”â”â”â”â”â”â”â”â”â”â”â”â”â”â”â”â”â”â”â”â”â”â”â”â”â”â”â”â”â”â” 112.3/112.3 kB 16.1 MB/s eta 0:00:00
[Sphinx build/sphinx-build]   | Collecting kiwisolver>=1.3.1 (from matplotlib->-r docs/requirements.txt (line 2))
[Sphinx build/sphinx-build]   |   Obtaining dependency information for kiwisolver>=1.3.1 from https://files.pythonhosted.org/packages/66/e1/e533435c0be77c3f64040d68d7a657771194a63c279f55573188161e81ca/kiwisolver-1.4.9-cp311-cp311-manylinux2014_x86_64.manylinux_2_17_x86_64.whl.metadata
[Sphinx build/sphinx-build]   |   Downloading kiwisolver-1.4.9-cp311-cp311-manylinux2014_x86_64.manylinux_2_17_x86_64.whl.metadata (6.3 kB)
[Sphinx build/sphinx-build]   | Requirement already satisfied: packaging>=20.0 in /usr/local/lib/python3.11/site-packages (from matplotlib->-r docs/requirements.txt (line 2)) (23.1)
[Sphinx build/sphinx-build]   | Requirement already satisfied: pillow>=8 in /usr/local/lib/python3.11/site-packages (from matplotlib->-r docs/requirements.txt (line 2)) (10.0.0)
[Sphinx build/sphinx-build]   | Collecting pyparsing>=3 (from matplotlib->-r docs/requirements.txt (line 2))
[Sphinx build/sphinx-build]   |   Obtaining dependency information for pyparsing>=3 from https://files.pythonhosted.org/packages/10/5e/1aa9a93198c6b64513c9d7752de7422c06402de6600a8767da1524f9570b/pyparsing-3.2.5-py3-none-any.whl.metadata
[Sphinx build/sphinx-build]   |   Downloading pyparsing-3.2.5-py3-none-any.whl.metadata (5.0 kB)
[Sphinx build/sphinx-build]   | Collecting biopython>=1.80 (from Bio->-r docs/requirements.txt (line 3))
[Sphinx build/sphinx-build]   |   Obtaining dependency information for biopython>=1.80 from https://files.pythonhosted.org/packages/1c/8d/8409535c341061b9c78faf151e73b484b456b3c3bdf59b27cf3984f16fbc/biopython-1.86-cp311-cp311-manylinux2014_x86_64.manylinux_2_17_x86_64.manylinux_2_28_x86_64.whl.metadata
[Sphinx build/sphinx-build]   |   Downloading biopython-1.86-cp311-cp311-manylinux2014_x86_64.manylinux_2_17_x86_64.manylinux_2_28_x86_64.whl.metadata (13 kB)
[Sphinx build/sphinx-build]   | Collecting gprofiler-official (from Bio->-r docs/requirements.txt (line 3))
[Sphinx build/sphinx-build]   |   Obtaining dependency information for gprofiler-official from https://files.pythonhosted.org/packages/df/1b/5a87c1a1da8f601c00a0ce4dedb5aab8a5cad6a0f4a5062c4da22a045072/gprofiler_official-1.0.0-py3-none-any.whl.metadata
[Sphinx build/sphinx-build]   |   Downloading gprofiler_official-1.0.0-py3-none-any.whl.metadata (11 kB)
[Sphinx build/sphinx-build]   | Collecting mygene (from Bio->-r docs/requirements.txt (line 3))
[Sphinx build/sphinx-build]   |   Obtaining dependency information for mygene from https://files.pythonhosted.org/packages/a7/b7/132b1673c0ec00881d49d56c09624942fa0ebd2fc21d73d80647efa082e9/mygene-3.2.2-py2.py3-none-any.whl.metadata
[Sphinx build/sphinx-build]   |   Downloading mygene-3.2.2-py2.py3-none-any.whl.metadata (10 kB)
[Sphinx build/sphinx-build]   | Collecting pooch (from Bio->-r docs/requirements.txt (line 3))
[Sphinx build/sphinx-build]   |   Obtaining dependency information for pooch from https://files.pythonhosted.org/packages/a8/87/77cc11c7a9ea9fd05503def69e3d18605852cd0d4b0d3b8f15bbeb3ef1d1/pooch-1.8.2-py3-none-any.whl.metadata
[Sphinx build/sphinx-build]   |   Downloading pooch-1.8.2-py3-none-any.whl.metadata (10 kB)
[Sphinx build/sphinx-build]   | Requirement already satisfied: requests in /usr/local/lib/python3.11/site-packages (from Bio->-r docs/requirements.txt (line 3)) (2.31.0)
[Sphinx build/sphinx-build]   | Collecting tqdm (from Bio->-r docs/requirements.txt (line 3))
[Sphinx build/sphinx-build]   |   Obtaining dependency information for tqdm from https://files.pythonhosted.org/packages/d0/30/dc54f88dd4a2b5dc8a0279bdd7270e735851848b762aeb1c1184ed1f6b14/tqdm-4.67.1-py3-none-any.whl.metadata
[Sphinx build/sphinx-build]   |   Downloading tqdm-4.67.1-py3-none-any.whl.metadata (57 kB)
[Sphinx build/sphinx-build]   |      â”â”â”â”â”â”â”â”â”â”â”â”â”â”â”â”â”â”â”â”â”â”â”â”â”â”â”â”â”â”â”â”â”â”â”â”â”â”â”â” 57.7/57.7 kB 21.8 MB/s eta 0:00:00
[Sphinx build/sphinx-build]   | Collecting click>=8.0.0 (from typer->-r docs/requirements.txt (line 4))
[Sphinx build/sphinx-build]   |   Obtaining dependency information for click>=8.0.0 from https://files.pythonhosted.org/packages/98/78/01c019cdb5d6498122777c1a43056ebb3ebfeef2076d9d026bfe15583b2b/click-8.3.1-py3-none-any.whl.metadata
[Sphinx build/sphinx-build]   |   Downloading click-8.3.1-py3-none-any.whl.metadata (2.6 kB)
[Sphinx build/sphinx-build]   | Collecting typing-extensions>=3.7.4.3 (from typer->-r docs/requirements.txt (line 4))
[Sphinx build/sphinx-build]   |   Obtaining dependency information for typing-extensions>=3.7.4.3 from https://files.pythonhosted.org/packages/18/67/36e9267722cc04a6b9f15c7f3441c2363321a3ea07da7ae0c0707beb2a9c/typing_extensions-4.15.0-py3-none-any.whl.metadata
[Sphinx build/sphinx-build]   |   Downloading typing_extensions-4.15.0-py3-none-any.whl.metadata (3.3 kB)
[Sphinx build/sphinx-build]   | Collecting shellingham>=1.3.0 (from typer->-r docs/requirements.txt (line 4))
[Sphinx build/sphinx-build]   |   Obtaining dependency information for shellingham>=1.3.0 from https://files.pythonhosted.org/packages/e0/f9/0595336914c5619e5f28a1fb793285925a8cd4b432c9da0a987836c7f822/shellingham-1.5.4-py2.py3-none-any.whl.metadata
[Sphinx build/sphinx-build]   |   Downloading shellingham-1.5.4-py2.py3-none-any.whl.metadata (3.5 kB)
[Sphinx build/sphinx-build]   | Collecting rich>=10.11.0 (from typer->-r docs/requirements.txt (line 4))
[Sphinx build/sphinx-build]   |   Obtaining dependency information for rich>=10.11.0 from https://files.pythonhosted.org/packages/25/7a/b0178788f8dc6cafce37a212c99565fa1fe7872c70c6c9c1e1a372d9d88f/rich-14.2.0-py3-none-any.whl.metadata
[Sphinx build/sphinx-build]   |   Downloading rich-14.2.0-py3-none-any.whl.metadata (18 kB)
[Sphinx build/sphinx-build]   | Collecting decorator>=4.3.2 (from ipython->-r docs/requirements.txt (line 5))
[Sphinx build/sphinx-build]   |   Obtaining dependency information for decorator>=4.3.2 from https://files.pythonhosted.org/packages/4e/8c/f3147f5c4b73e7550fe5f9352eaa956ae838d5c51eb58e7a25b9f3e2643b/decorator-5.2.1-py3-none-any.whl.metadata
[Sphinx build/sphinx-build]   |   Downloading decorator-5.2.1-py3-none-any.whl.metadata (3.9 kB)
[Sphinx build/sphinx-build]   | Collecting ipython-pygments-lexers>=1.0.0 (from ipython->-r docs/requirements.txt (line 5))
[Sphinx build/sphinx-build]   |   Obtaining dependency information for ipython-pygments-lexers>=1.0.0 from https://files.pythonhosted.org/packages/d9/33/1f075bf72b0b747cb3288d011319aaf64083cf2efef8354174e3ed4540e2/ipython_pygments_lexers-1.1.1-py3-none-any.whl.metadata
[Sphinx build/sphinx-build]   |   Downloading ipython_pygments_lexers-1.1.1-py3-none-any.whl.metadata (1.1 kB)
[Sphinx build/sphinx-build]   | Collecting jedi>=0.18.1 (from ipython->-r docs/requirements.txt (line 5))
[Sphinx build/sphinx-build]   |   Obtaining dependency information for jedi>=0.18.1 from https://files.pythonhosted.org/packages/c0/5a/9cac0c82afec3d09ccd97c8b6502d48f165f9124db81b4bcb90b4af974ee/jedi-0.19.2-py2.py3-none-any.whl.metadata
[Sphinx build/sphinx-build]   |   Downloading jedi-0.19.2-py2.py3-none-any.whl.metadata (22 kB)
[Sphinx build/sphinx-build]   | Collecting matplotlib-inline>=0.1.5 (from ipython->-r docs/requirements.txt (line 5))
[Sphinx build/sphinx-build]   |   Obtaining dependency information for matplotlib-inline>=0.1.5 from https://files.pythonhosted.org/packages/af/33/ee4519fa02ed11a94aef9559552f3b17bb863f2ecfe1a35dc7f548cde231/matplotlib_inline-0.2.1-py3-none-any.whl.metadata
[Sphinx build/sphinx-build]   |   Downloading matplotlib_inline-0.2.1-py3-none-any.whl.metadata (2.3 kB)
[Sphinx build/sphinx-build]   | Collecting pexpect>4.3 (from ipython->-r docs/requirements.txt (line 5))
[Sphinx build/sphinx-build]   |   Obtaining dependency information for pexpect>4.3 from https://files.pythonhosted.org/packages/9e/c3/059298687310d527a58bb01f3b1965787ee3b40dce76752eda8b44e9a2c5/pexpect-4.9.0-py2.py3-none-any.whl.metadata
[Sphinx build/sphinx-build]   |   Downloading pexpect-4.9.0-py2.py3-none-any.whl.metadata (2.5 kB)
[Sphinx build/sphinx-build]   | Collecting prompt_toolkit<3.1.0,>=3.0.41 (from ipython->-r docs/requirements.txt (line 5))
[Sphinx build/sphinx-build]   |   Obtaining dependency information for prompt_toolkit<3.1.0,>=3.0.41 from https://files.pythonhosted.org/packages/84/03/0d3ce49e2505ae70cf43bc5bb3033955d2fc9f932163e84dc0779cc47f48/prompt_toolkit-3.0.52-py3-none-any.whl.metadata
[Sphinx build/sphinx-build]   |   Downloading prompt_toolkit-3.0.52-py3-none-any.whl.metadata (6.4 kB)
[Sphinx build/sphinx-build]   | Requirement already satisfied: pygments>=2.11.0 in /usr/local/lib/python3.11/site-packages (from ipython->-r docs/requirements.txt (line 5)) (2.16.1)
[Sphinx build/sphinx-build]   | Collecting stack_data>=0.6.0 (from ipython->-r docs/requirements.txt (line 5))
[Sphinx build/sphinx-build]   |   Obtaining dependency information for stack_data>=0.6.0 from https://files.pythonhosted.org/packages/f1/7b/ce1eafaf1a76852e2ec9b22edecf1daa58175c090266e9f6c64afcd81d91/stack_data-0.6.3-py3-none-any.whl.metadata
[Sphinx build/sphinx-build]   |   Downloading stack_data-0.6.3-py3-none-any.whl.metadata (18 kB)
[Sphinx build/sphinx-build]   | Collecting traitlets>=5.13.0 (from ipython->-r docs/requirements.txt (line 5))
[Sphinx build/sphinx-build]   |   Obtaining dependency information for traitlets>=5.13.0 from https://files.pythonhosted.org/packages/00/c0/8f5d070730d7836adc9c9b6408dec68c6ced86b304a9b26a14df072a6e8c/traitlets-5.14.3-py3-none-any.whl.metadata
[Sphinx build/sphinx-build]   |   Downloading traitlets-5.14.3-py3-none-any.whl.metadata (10 kB)
[Sphinx build/sphinx-build]   | Collecting comm>=0.1.3 (from ipywidgets->-r docs/requirements.txt (line 7))
[Sphinx build/sphinx-build]   |   Obtaining dependency information for comm>=0.1.3 from https://files.pythonhosted.org/packages/60/97/891a0971e1e4a8c5d2b20bbe0e524dc04548d2307fee33cdeba148fd4fc7/comm-0.2.3-py3-none-any.whl.metadata
[Sphinx build/sphinx-build]   |   Downloading comm-0.2.3-py3-none-any.whl.metadata (3.7 kB)
[Sphinx build/sphinx-build]   | Collecting widgetsnbextension~=4.0.14 (from ipywidgets->-r docs/requirements.txt (line 7))
[Sphinx build/sphinx-build]   |   Obtaining dependency information for widgetsnbextension~=4.0.14 from https://files.pythonhosted.org/packages/3f/0e/fa3b193432cfc60c93b42f3be03365f5f909d2b3ea410295cf36df739e31/widgetsnbextension-4.0.15-py3-none-any.whl.metadata
[Sphinx build/sphinx-build]   |   Downloading widgetsnbextension-4.0.15-py3-none-any.whl.metadata (1.6 kB)
[Sphinx build/sphinx-build]   | Collecting jupyterlab_widgets~=3.0.15 (from ipywidgets->-r docs/requirements.txt (line 7))
[Sphinx build/sphinx-build]   |   Obtaining dependency information for jupyterlab_widgets~=3.0.15 from https://files.pythonhosted.org/packages/ab/b5/36c712098e6191d1b4e349304ef73a8d06aed77e56ceaac8c0a306c7bda1/jupyterlab_widgets-3.0.16-py3-none-any.whl.metadata
[Sphinx build/sphinx-build]   |   Downloading jupyterlab_widgets-3.0.16-py3-none-any.whl.metadata (20 kB)
[Sphinx build/sphinx-build]   | Requirement already satisfied: docutils<0.22,>=0.19 in /usr/local/lib/python3.11/site-packages (from myst-parser->-r docs/requirements.txt (line 9)) (0.19)
[Sphinx build/sphinx-build]   | Requirement already satisfied: jinja2 in /usr/local/lib/python3.11/site-packages (from myst-parser->-r docs/requirements.txt (line 9)) (3.1.2)
[Sphinx build/sphinx-build]   | Collecting markdown-it-py~=3.0 (from myst-parser->-r docs/requirements.txt (line 9))
[Sphinx build/sphinx-build]   |   Obtaining dependency information for markdown-it-py~=3.0 from https://files.pythonhosted.org/packages/42/d7/1ec15b46af6af88f19b8e5ffea08fa375d433c998b8a7639e76935c14f1f/markdown_it_py-3.0.0-py3-none-any.whl.metadata
[Sphinx build/sphinx-build]   |   Downloading markdown_it_py-3.0.0-py3-none-any.whl.metadata (6.9 kB)
[Sphinx build/sphinx-build]   | Collecting mdit-py-plugins>=0.4.1,~=0.4 (from myst-parser->-r docs/requirements.txt (line 9))
[Sphinx build/sphinx-build]   |   Obtaining dependency information for mdit-py-plugins>=0.4.1,~=0.4 from https://files.pythonhosted.org/packages/fb/86/dd6e5db36df29e76c7a7699123569a4a18c1623ce68d826ed96c62643cae/mdit_py_plugins-0.5.0-py3-none-any.whl.metadata
[Sphinx build/sphinx-build]   |   Downloading mdit_py_plugins-0.5.0-py3-none-any.whl.metadata (2.8 kB)
[Sphinx build/sphinx-build]   | Collecting pyyaml (from myst-parser->-r docs/requirements.txt (line 9))
[Sphinx build/sphinx-build]   |   Obtaining dependency information for pyyaml from https://files.pythonhosted.org/packages/71/60/917329f640924b18ff085ab889a11c763e0b573da888e8404ff486657602/pyyaml-6.0.3-cp311-cp311-manylinux2014_x86_64.manylinux_2_17_x86_64.manylinux_2_28_x86_64.whl.metadata
[Sphinx build/sphinx-build]   |   Downloading pyyaml-6.0.3-cp311-cp311-manylinux2014_x86_64.manylinux_2_17_x86_64.manylinux_2_28_x86_64.whl.metadata (2.4 kB)
[Sphinx build/sphinx-build]   | Collecting nbconvert!=5.4,>=5.3 (from nbsphinx->-r docs/requirements.txt (line 10))
[Sphinx build/sphinx-build]   |   Obtaining dependency information for nbconvert!=5.4,>=5.3 from https://files.pythonhosted.org/packages/cc/9a/cd673b2f773a12c992f41309ef81b99da1690426bd2f96957a7ade0d3ed7/nbconvert-7.16.6-py3-none-any.whl.metadata
[Sphinx build/sphinx-build]   |   Downloading nbconvert-7.16.6-py3-none-any.whl.metadata (8.5 kB)
[Sphinx build/sphinx-build]   | Collecting nbformat (from nbsphinx->-r docs/requirements.txt (line 10))
[Sphinx build/sphinx-build]   |   Obtaining dependency information for nbformat from https://files.pythonhosted.org/packages/a9/82/0340caa499416c78e5d8f5f05947ae4bc3cba53c9f038ab6e9ed964e22f1/nbformat-5.10.4-py3-none-any.whl.metadata
[Sphinx build/sphinx-build]   |   Downloading nbformat-5.10.4-py3-none-any.whl.metadata (3.6 kB)
[Sphinx build/sphinx-build]   | Requirement already satisfied: sphinxcontrib-applehelp in /usr/local/lib/python3.11/site-packages (from sphinx->-r docs/requirements.txt (line 13)) (1.0.6)
[Sphinx build/sphinx-build]   | Requirement already satisfied: sphinxcontrib-devhelp in /usr/local/lib/python3.11/site-packages (from sphinx->-r docs/requirements.txt (line 13)) (1.0.4)
[Sphinx build/sphinx-build]   | Requirement already satisfied: sphinxcontrib-jsmath in /usr/local/lib/python3.11/site-packages (from sphinx->-r docs/requirements.txt (line 13)) (1.0.1)
[Sphinx build/sphinx-build]   | Requirement already satisfied: sphinxcontrib-htmlhelp>=2.0.0 in /usr/local/lib/python3.11/site-packages (from sphinx->-r docs/requirements.txt (line 13)) (2.0.3)
[Sphinx build/sphinx-build]   | Requirement already satisfied: sphinxcontrib-serializinghtml>=1.1.5 in /usr/local/lib/python3.11/site-packages (from sphinx->-r docs/requirements.txt (line 13)) (1.1.7)
[Sphinx build/sphinx-build]   | Requirement already satisfied: sphinxcontrib-qthelp in /usr/local/lib/python3.11/site-packages (from sphinx->-r docs/requirements.txt (line 13)) (1.0.5)
[Sphinx build/sphinx-build]   | Requirement already satisfied: snowballstemmer>=2.0 in /usr/local/lib/python3.11/site-packages (from sphinx->-r docs/requirements.txt (line 13)) (2.2.0)
[Sphinx build/sphinx-build]   | Requirement already satisfied: babel>=2.9 in /usr/local/lib/python3.11/site-packages (from sphinx->-r docs/requirements.txt (line 13)) (2.12.1)
[Sphinx build/sphinx-build]   | Requirement already satisfied: alabaster<0.8,>=0.7 in /usr/local/lib/python3.11/site-packages (from sphinx->-r docs/requirements.txt (line 13)) (0.7.13)
[Sphinx build/sphinx-build]   | Requirement already satisfied: imagesize>=1.3 in /usr/local/lib/python3.11/site-packages (from sphinx->-r docs/requirements.txt (line 13)) (1.4.1)
[Sphinx build/sphinx-build]   | Collecting tabulate (from sphinx-markdown-builder->-r docs/requirements.txt (line 14))
[Sphinx build/sphinx-build]   |   Obtaining dependency information for tabulate from https://files.pythonhosted.org/packages/40/44/4a5f08c96eb108af5cb50b41f76142f0afa346dfa99d5296fe7202a11854/tabulate-0.9.0-py3-none-any.whl.metadata
[Sphinx build/sphinx-build]   |   Downloading tabulate-0.9.0-py3-none-any.whl.metadata (34 kB)
[Sphinx build/sphinx-build]   | Collecting sphinxcontrib-jquery<5,>=4 (from sphinx-rtd-theme->-r docs/requirements.txt (line 15))
[Sphinx build/sphinx-build]   |   Obtaining dependency information for sphinxcontrib-jquery<5,>=4 from https://files.pythonhosted.org/packages/76/85/749bd22d1a68db7291c89e2ebca53f4306c3f205853cf31e9de279034c3c/sphinxcontrib_jquery-4.1-py2.py3-none-any.whl.metadata
[Sphinx build/sphinx-build]   |   Downloading sphinxcontrib_jquery-4.1-py2.py3-none-any.whl.metadata (2.6 kB)
[Sphinx build/sphinx-build]   | Collecting parso<0.9.0,>=0.8.4 (from jedi>=0.18.1->ipython->-r docs/requirements.txt (line 5))
[Sphinx build/sphinx-build]   |   Obtaining dependency information for parso<0.9.0,>=0.8.4 from https://files.pythonhosted.org/packages/16/32/f8e3c85d1d5250232a5d3477a2a28cc291968ff175caeadaf3cc19ce0e4a/parso-0.8.5-py2.py3-none-any.whl.metadata
[Sphinx build/sphinx-build]   |   Downloading parso-0.8.5-py2.py3-none-any.whl.metadata (8.3 kB)
[Sphinx build/sphinx-build]   | Collecting mdurl~=0.1 (from markdown-it-py~=3.0->myst-parser->-r docs/requirements.txt (line 9))
[Sphinx build/sphinx-build]   |   Obtaining dependency information for mdurl~=0.1 from https://files.pythonhosted.org/packages/b3/38/89ba8ad64ae25be8de66a6d463314cf1eb366222074cfda9ee839c56a4b4/mdurl-0.1.2-py3-none-any.whl.metadata
[Sphinx build/sphinx-build]   |   Downloading mdurl-0.1.2-py3-none-any.whl.metadata (1.6 kB)
[Sphinx build/sphinx-build]   | Collecting beautifulsoup4 (from nbconvert!=5.4,>=5.3->nbsphinx->-r docs/requirements.txt (line 10))
[Sphinx build/sphinx-build]   |   Obtaining dependency information for beautifulsoup4 from https://files.pythonhosted.org/packages/94/fe/3aed5d0be4d404d12d36ab97e2f1791424d9ca39c2f754a6285d59a3b01d/beautifulsoup4-4.14.2-py3-none-any.whl.metadata
[Sphinx build/sphinx-build]   |   Downloading beautifulsoup4-4.14.2-py3-none-any.whl.metadata (3.8 kB)
[Sphinx build/sphinx-build]   | Collecting bleach[css]!=5.0.0 (from nbconvert!=5.4,>=5.3->nbsphinx->-r docs/requirements.txt (line 10))
[Sphinx build/sphinx-build]   |   Obtaining dependency information for bleach[css]!=5.0.0 from https://files.pythonhosted.org/packages/cd/3a/577b549de0cc09d95f11087ee63c739bba856cd3952697eec4c4bb91350a/bleach-6.3.0-py3-none-any.whl.metadata
[Sphinx build/sphinx-build]   |   Downloading bleach-6.3.0-py3-none-any.whl.metadata (31 kB)
[Sphinx build/sphinx-build]   | Collecting defusedxml (from nbconvert!=5.4,>=5.3->nbsphinx->-r docs/requirements.txt (line 10))
[Sphinx build/sphinx-build]   |   Obtaining dependency information for defusedxml from https://files.pythonhosted.org/packages/07/6c/aa3f2f849e01cb6a001cd8554a88d4c77c5c1a31c95bdf1cf9301e6d9ef4/defusedxml-0.7.1-py2.py3-none-any.whl.metadata
[Sphinx build/sphinx-build]   |   Downloading defusedxml-0.7.1-py2.py3-none-any.whl.metadata (32 kB)
[Sphinx build/sphinx-build]   | Collecting jupyter-core>=4.7 (from nbconvert!=5.4,>=5.3->nbsphinx->-r docs/requirements.txt (line 10))
[Sphinx build/sphinx-build]   |   Obtaining dependency information for jupyter-core>=4.7 from https://files.pythonhosted.org/packages/e7/e7/80988e32bf6f73919a113473a604f5a8f09094de312b9d52b79c2df7612b/jupyter_core-5.9.1-py3-none-any.whl.metadata
[Sphinx build/sphinx-build]   |   Downloading jupyter_core-5.9.1-py3-none-any.whl.metadata (1.5 kB)
[Sphinx build/sphinx-build]   | Collecting jupyterlab-pygments (from nbconvert!=5.4,>=5.3->nbsphinx->-r docs/requirements.txt (line 10))
[Sphinx build/sphinx-build]   |   Obtaining dependency information for jupyterlab-pygments from https://files.pythonhosted.org/packages/b1/dd/ead9d8ea85bf202d90cc513b533f9c363121c7792674f78e0d8a854b63b4/jupyterlab_pygments-0.3.0-py3-none-any.whl.metadata
[Sphinx build/sphinx-build]   |   Downloading jupyterlab_pygments-0.3.0-py3-none-any.whl.metadata (4.4 kB)
[Sphinx build/sphinx-build]   | Collecting mistune<4,>=2.0.3 (from nbconvert!=5.4,>=5.3->nbsphinx->-r docs/requirements.txt (line 10))
[Sphinx build/sphinx-build]   |   Obtaining dependency information for mistune<4,>=2.0.3 from https://files.pythonhosted.org/packages/7a/f0/8282d9641415e9e33df173516226b404d367a0fc55e1a60424a152913abc/mistune-3.1.4-py3-none-any.whl.metadata
[Sphinx build/sphinx-build]   |   Downloading mistune-3.1.4-py3-none-any.whl.metadata (1.8 kB)
[Sphinx build/sphinx-build]   | Collecting nbclient>=0.5.0 (from nbconvert!=5.4,>=5.3->nbsphinx->-r docs/requirements.txt (line 10))
[Sphinx build/sphinx-build]   |   Obtaining dependency information for nbclient>=0.5.0 from https://files.pythonhosted.org/packages/34/6d/e7fa07f03a4a7b221d94b4d586edb754a9b0dc3c9e2c93353e9fa4e0d117/nbclient-0.10.2-py3-none-any.whl.metadata
[Sphinx build/sphinx-build]   |   Downloading nbclient-0.10.2-py3-none-any.whl.metadata (8.3 kB)
[Sphinx build/sphinx-build]   | Collecting pandocfilters>=1.4.1 (from nbconvert!=5.4,>=5.3->nbsphinx->-r docs/requirements.txt (line 10))
[Sphinx build/sphinx-build]   |   Obtaining dependency information for pandocfilters>=1.4.1 from https://files.pythonhosted.org/packages/ef/af/4fbc8cab944db5d21b7e2a5b8e9211a03a79852b1157e2c102fcc61ac440/pandocfilters-1.5.1-py2.py3-none-any.whl.metadata
[Sphinx build/sphinx-build]   |   Downloading pandocfilters-1.5.1-py2.py3-none-any.whl.metadata (9.0 kB)
[Sphinx build/sphinx-build]   | Collecting fastjsonschema>=2.15 (from nbformat->nbsphinx->-r docs/requirements.txt (line 10))
[Sphinx build/sphinx-build]   |   Obtaining dependency information for fastjsonschema>=2.15 from https://files.pythonhosted.org/packages/cb/a8/20d0723294217e47de6d9e2e40fd4a9d2f7c4b6ef974babd482a59743694/fastjsonschema-2.21.2-py3-none-any.whl.metadata
[Sphinx build/sphinx-build]   |   Downloading fastjsonschema-2.21.2-py3-none-any.whl.metadata (2.3 kB)
[Sphinx build/sphinx-build]   | Collecting jsonschema>=2.6 (from nbformat->nbsphinx->-r docs/requirements.txt (line 10))
[Sphinx build/sphinx-build]   |   Obtaining dependency information for jsonschema>=2.6 from https://files.pythonhosted.org/packages/bf/9c/8c95d856233c1f82500c2450b8c68576b4cf1c871db3afac5c34ff84e6fd/jsonschema-4.25.1-py3-none-any.whl.metadata
[Sphinx build/sphinx-build]   |   Downloading jsonschema-4.25.1-py3-none-any.whl.metadata (7.6 kB)
[Sphinx build/sphinx-build]   | Collecting ptyprocess>=0.5 (from pexpect>4.3->ipython->-r docs/requirements.txt (line 5))
[Sphinx build/sphinx-build]   |   Obtaining dependency information for ptyprocess>=0.5 from https://files.pythonhosted.org/packages/22/a6/858897256d0deac81a172289110f31629fc4cee19b6f01283303e18c8db3/ptyprocess-0.7.0-py2.py3-none-any.whl.metadata
[Sphinx build/sphinx-build]   |   Downloading ptyprocess-0.7.0-py2.py3-none-any.whl.metadata (1.3 kB)
[Sphinx build/sphinx-build]   | Collecting wcwidth (from prompt_toolkit<3.1.0,>=3.0.41->ipython->-r docs/requirements.txt (line 5))
[Sphinx build/sphinx-build]   |   Obtaining dependency information for wcwidth from https://files.pythonhosted.org/packages/af/b5/123f13c975e9f27ab9c0770f514345bd406d0e8d3b7a0723af9d43f710af/wcwidth-0.2.14-py2.py3-none-any.whl.metadata
[Sphinx build/sphinx-build]   |   Downloading wcwidth-0.2.14-py2.py3-none-any.whl.metadata (15 kB)
[Sphinx build/sphinx-build]   | Collecting six>=1.5 (from python-dateutil>=2.8.2->pandas->-r docs/requirements.txt (line 1))
[Sphinx build/sphinx-build]   |   Obtaining dependency information for six>=1.5 from https://files.pythonhosted.org/packages/b7/ce/149a00dd41f10bc29e5921b496af8b574d8413afcd5e30dfa0ed46c2cc5e/six-1.17.0-py2.py3-none-any.whl.metadata
[Sphinx build/sphinx-build]   |   Downloading six-1.17.0-py2.py3-none-any.whl.metadata (1.7 kB)
[Sphinx build/sphinx-build]   | Requirement already satisfied: charset-normalizer<4,>=2 in /usr/local/lib/python3.11/site-packages (from requests->Bio->-r docs/requirements.txt (line 3)) (3.2.0)
[Sphinx build/sphinx-build]   | Requirement already satisfied: idna<4,>=2.5 in /usr/local/lib/python3.11/site-packages (from requests->Bio->-r docs/requirements.txt (line 3)) (3.4)
[Sphinx build/sphinx-build]   | Requirement already satisfied: urllib3<3,>=1.21.1 in /usr/local/lib/python3.11/site-packages (from requests->Bio->-r docs/requirements.txt (line 3)) (2.0.4)
[Sphinx build/sphinx-build]   | Requirement already satisfied: certifi>=2017.4.17 in /usr/local/lib/python3.11/site-packages (from requests->Bio->-r docs/requirements.txt (line 3)) (2023.7.22)
[Sphinx build/sphinx-build]   | Collecting executing>=1.2.0 (from stack_data>=0.6.0->ipython->-r docs/requirements.txt (line 5))
[Sphinx build/sphinx-build]   |   Obtaining dependency information for executing>=1.2.0 from https://files.pythonhosted.org/packages/c1/ea/53f2148663b321f21b5a606bd5f191517cf40b7072c0497d3c92c4a13b1e/executing-2.2.1-py2.py3-none-any.whl.metadata
[Sphinx build/sphinx-build]   |   Downloading executing-2.2.1-py2.py3-none-any.whl.metadata (8.9 kB)
[Sphinx build/sphinx-build]   | Collecting asttokens>=2.1.0 (from stack_data>=0.6.0->ipython->-r docs/requirements.txt (line 5))
[Sphinx build/sphinx-build]   |   Obtaining dependency information for asttokens>=2.1.0 from https://files.pythonhosted.org/packages/d2/39/e7eaf1799466a4aef85b6a4fe7bd175ad2b1c6345066aa33f1f58d4b18d0/asttokens-3.0.1-py3-none-any.whl.metadata
[Sphinx build/sphinx-build]   |   Downloading asttokens-3.0.1-py3-none-any.whl.metadata (4.9 kB)
[Sphinx build/sphinx-build]   | Collecting pure-eval (from stack_data>=0.6.0->ipython->-r docs/requirements.txt (line 5))
[Sphinx build/sphinx-build]   |   Obtaining dependency information for pure-eval from https://files.pythonhosted.org/packages/8e/37/efad0257dc6e593a18957422533ff0f87ede7c9c6ea010a2177d738fb82f/pure_eval-0.2.3-py3-none-any.whl.metadata
[Sphinx build/sphinx-build]   |   Downloading pure_eval-0.2.3-py3-none-any.whl.metadata (6.3 kB)
[Sphinx build/sphinx-build]   | Collecting biothings-client>=0.2.6 (from mygene->Bio->-r docs/requirements.txt (line 3))
[Sphinx build/sphinx-build]   |   Obtaining dependency information for biothings-client>=0.2.6 from https://files.pythonhosted.org/packages/dc/6d/130477cfbd7294949b919c45cc1ed14a642cec95afba06a54400a4419235/biothings_client-0.4.1-py3-none-any.whl.metadata
[Sphinx build/sphinx-build]   |   Downloading biothings_client-0.4.1-py3-none-any.whl.metadata (10 kB)
[Sphinx build/sphinx-build]   | Collecting platformdirs>=2.5.0 (from pooch->Bio->-r docs/requirements.txt (line 3))
[Sphinx build/sphinx-build]   |   Obtaining dependency information for platformdirs>=2.5.0 from https://files.pythonhosted.org/packages/73/cb/ac7874b3e5d58441674fb70742e6c374b28b0c7cb988d37d991cde47166c/platformdirs-4.5.0-py3-none-any.whl.metadata
[Sphinx build/sphinx-build]   |   Downloading platformdirs-4.5.0-py3-none-any.whl.metadata (12 kB)
[Sphinx build/sphinx-build]   | Collecting httpx>=0.22.0 (from biothings-client>=0.2.6->mygene->Bio->-r docs/requirements.txt (line 3))
[Sphinx build/sphinx-build]   |   Obtaining dependency information for httpx>=0.22.0 from https://files.pythonhosted.org/packages/2a/39/e50c7c3a983047577ee07d2a9e53faf5a69493943ec3f6a384bdc792deb2/httpx-0.28.1-py3-none-any.whl.metadata
[Sphinx build/sphinx-build]   |   Downloading httpx-0.28.1-py3-none-any.whl.metadata (7.1 kB)
[Sphinx build/sphinx-build]   | Collecting webencodings (from bleach[css]!=5.0.0->nbconvert!=5.4,>=5.3->nbsphinx->-r docs/requirements.txt (line 10))
[Sphinx build/sphinx-build]   |   Obtaining dependency information for webencodings from https://files.pythonhosted.org/packages/f4/24/2a3e3df732393fed8b3ebf2ec078f05546de641fe1b667ee316ec1dcf3b7/webencodings-0.5.1-py2.py3-none-any.whl.metadata
[Sphinx build/sphinx-build]   |   Downloading webencodings-0.5.1-py2.py3-none-any.whl.metadata (2.1 kB)
[Sphinx build/sphinx-build]   | Collecting tinycss2<1.5,>=1.1.0 (from bleach[css]!=5.0.0->nbconvert!=5.4,>=5.3->nbsphinx->-r docs/requirements.txt (line 10))
[Sphinx build/sphinx-build]   |   Obtaining dependency information for tinycss2<1.5,>=1.1.0 from https://files.pythonhosted.org/packages/e6/34/ebdc18bae6aa14fbee1a08b63c015c72b64868ff7dae68808ab500c492e2/tinycss2-1.4.0-py3-none-any.whl.metadata
[Sphinx build/sphinx-build]   |   Downloading tinycss2-1.4.0-py3-none-any.whl.metadata (3.0 kB)
[Sphinx build/sphinx-build]   | Collecting attrs>=22.2.0 (from jsonschema>=2.6->nbformat->nbsphinx->-r docs/requirements.txt (line 10))
[Sphinx build/sphinx-build]   |   Obtaining dependency information for attrs>=22.2.0 from https://files.pythonhosted.org/packages/3a/2a/7cc015f5b9f5db42b7d48157e23356022889fc354a2813c15934b7cb5c0e/attrs-25.4.0-py3-none-any.whl.metadata
[Sphinx build/sphinx-build]   |   Downloading attrs-25.4.0-py3-none-any.whl.metadata (10 kB)
[Sphinx build/sphinx-build]   | Collecting jsonschema-specifications>=2023.03.6 (from jsonschema>=2.6->nbformat->nbsphinx->-r docs/requirements.txt (line 10))
[Sphinx build/sphinx-build]   |   Obtaining dependency information for jsonschema-specifications>=2023.03.6 from https://files.pythonhosted.org/packages/41/45/1a4ed80516f02155c51f51e8cedb3c1902296743db0bbc66608a0db2814f/jsonschema_specifications-2025.9.1-py3-none-any.whl.metadata
[Sphinx build/sphinx-build]   |   Downloading jsonschema_specifications-2025.9.1-py3-none-any.whl.metadata (2.9 kB)
[Sphinx build/sphinx-build]   | Collecting referencing>=0.28.4 (from jsonschema>=2.6->nbformat->nbsphinx->-r docs/requirements.txt (line 10))
[Sphinx build/sphinx-build]   |   Obtaining dependency information for referencing>=0.28.4 from https://files.pythonhosted.org/packages/2c/58/ca301544e1fa93ed4f80d724bf5b194f6e4b945841c5bfd555878eea9fcb/referencing-0.37.0-py3-none-any.whl.metadata
[Sphinx build/sphinx-build]   |   Downloading referencing-0.37.0-py3-none-any.whl.metadata (2.8 kB)
[Sphinx build/sphinx-build]   | Collecting rpds-py>=0.7.1 (from jsonschema>=2.6->nbformat->nbsphinx->-r docs/requirements.txt (line 10))
[Sphinx build/sphinx-build]   |   Obtaining dependency information for rpds-py>=0.7.1 from https://files.pythonhosted.org/packages/2f/e2/2293f236e887c0360c2723d90c00d48dee296406994d6271faf1712e94ec/rpds_py-0.29.0-cp311-cp311-manylinux_2_17_x86_64.manylinux2014_x86_64.whl.metadata
[Sphinx build/sphinx-build]   |   Downloading rpds_py-0.29.0-cp311-cp311-manylinux_2_17_x86_64.manylinux2014_x86_64.whl.metadata (4.1 kB)
[Sphinx build/sphinx-build]   | Collecting jupyter-client>=6.1.12 (from nbclient>=0.5.0->nbconvert!=5.4,>=5.3->nbsphinx->-r docs/requirements.txt (line 10))
[Sphinx build/sphinx-build]   |   Obtaining dependency information for jupyter-client>=6.1.12 from https://files.pythonhosted.org/packages/11/85/b0394e0b6fcccd2c1eeefc230978a6f8cb0c5df1e4cd3e7625735a0d7d1e/jupyter_client-8.6.3-py3-none-any.whl.metadata
[Sphinx build/sphinx-build]   |   Downloading jupyter_client-8.6.3-py3-none-any.whl.metadata (8.3 kB)
[Sphinx build/sphinx-build]   | Collecting soupsieve>1.2 (from beautifulsoup4->nbconvert!=5.4,>=5.3->nbsphinx->-r docs/requirements.txt (line 10))
[Sphinx build/sphinx-build]   |   Obtaining dependency information for soupsieve>1.2 from https://files.pythonhosted.org/packages/14/a0/bb38d3b76b8cae341dad93a2dd83ab7462e6dbcdd84d43f54ee60a8dc167/soupsieve-2.8-py3-none-any.whl.metadata
[Sphinx build/sphinx-build]   |   Downloading soupsieve-2.8-py3-none-any.whl.metadata (4.6 kB)
[Sphinx build/sphinx-build]   | Collecting anyio (from httpx>=0.22.0->biothings-client>=0.2.6->mygene->Bio->-r docs/requirements.txt (line 3))
[Sphinx build/sphinx-build]   |   Obtaining dependency information for anyio from https://files.pythonhosted.org/packages/15/b3/9b1a8074496371342ec1e796a96f99c82c945a339cd81a8e73de28b4cf9e/anyio-4.11.0-py3-none-any.whl.metadata
[Sphinx build/sphinx-build]   |   Downloading anyio-4.11.0-py3-none-any.whl.metadata (4.1 kB)
[Sphinx build/sphinx-build]   | Collecting httpcore==1.* (from httpx>=0.22.0->biothings-client>=0.2.6->mygene->Bio->-r docs/requirements.txt (line 3))
[Sphinx build/sphinx-build]   |   Obtaining dependency information for httpcore==1.* from https://files.pythonhosted.org/packages/7e/f5/f66802a942d491edb555dd61e3a9961140fd64c90bce1eafd741609d334d/httpcore-1.0.9-py3-none-any.whl.metadata
[Sphinx build/sphinx-build]   |   Downloading httpcore-1.0.9-py3-none-any.whl.metadata (21 kB)
[Sphinx build/sphinx-build]   | Collecting h11>=0.16 (from httpcore==1.*->httpx>=0.22.0->biothings-client>=0.2.6->mygene->Bio->-r docs/requirements.txt (line 3))
[Sphinx build/sphinx-build]   |   Obtaining dependency information for h11>=0.16 from https://files.pythonhosted.org/packages/04/4b/29cac41a4d98d144bf5f6d33995617b185d14b22401f75ca86f384e87ff1/h11-0.16.0-py3-none-any.whl.metadata
[Sphinx build/sphinx-build]   |   Downloading h11-0.16.0-py3-none-any.whl.metadata (8.3 kB)
[Sphinx build/sphinx-build]   | Collecting pyzmq>=23.0 (from jupyter-client>=6.1.12->nbclient>=0.5.0->nbconvert!=5.4,>=5.3->nbsphinx->-r docs/requirements.txt (line 10))
[Sphinx build/sphinx-build]   |   Obtaining dependency information for pyzmq>=23.0 from https://files.pythonhosted.org/packages/b1/c4/2a6fe5111a01005fc7af3878259ce17684fabb8852815eda6225620f3c59/pyzmq-27.1.0-cp311-cp311-manylinux_2_26_x86_64.manylinux_2_28_x86_64.whl.metadata
[Sphinx build/sphinx-build]   |   Downloading pyzmq-27.1.0-cp311-cp311-manylinux_2_26_x86_64.manylinux_2_28_x86_64.whl.metadata (6.0 kB)
[Sphinx build/sphinx-build]   | Collecting tornado>=6.2 (from jupyter-client>=6.1.12->nbclient>=0.5.0->nbconvert!=5.4,>=5.3->nbsphinx->-r docs/requirements.txt (line 10))
[Sphinx build/sphinx-build]   |   Obtaining dependency information for tornado>=6.2 from https://files.pythonhosted.org/packages/f9/41/fb15f06e33d7430ca89420283a8762a4e6b8025b800ea51796ab5e6d9559/tornado-6.5.2-cp39-abi3-manylinux_2_5_x86_64.manylinux1_x86_64.manylinux_2_17_x86_64.manylinux2014_x86_64.whl.metadata
[Sphinx build/sphinx-build]   |   Downloading tornado-6.5.2-cp39-abi3-manylinux_2_5_x86_64.manylinux1_x86_64.manylinux_2_17_x86_64.manylinux2014_x86_64.whl.metadata (2.8 kB)
[Sphinx build/sphinx-build]   | Collecting sniffio>=1.1 (from anyio->httpx>=0.22.0->biothings-client>=0.2.6->mygene->Bio->-r docs/requirements.txt (line 3))
[Sphinx build/sphinx-build]   |   Obtaining dependency information for sniffio>=1.1 from https://files.pythonhosted.org/packages/e9/44/75a9c9421471a6c4805dbf2356f7c181a29c1879239abab1ea2cc8f38b40/sniffio-1.3.1-py3-none-any.whl.metadata
[Sphinx build/sphinx-build]   |   Downloading sniffio-1.3.1-py3-none-any.whl.metadata (3.9 kB)
[Sphinx build/sphinx-build]   | Downloading pandas-2.3.3-cp311-cp311-manylinux_2_24_x86_64.manylinux_2_28_x86_64.whl (12.8 MB)
[Sphinx build/sphinx-build]   |    â”â”â”â”â”â”â”â”â”â”â”â”â”â”â”â”â”â”â”â”â”â”â”â”â”â”â”â”â”â”â”â”â”â”â”â”â”â”â”â” 12.8/12.8 MB 36.3 MB/s eta 0:00:00
[Sphinx build/sphinx-build]   | Downloading matplotlib-3.10.7-cp311-cp311-manylinux2014_x86_64.manylinux_2_17_x86_64.whl (8.7 MB)
[Sphinx build/sphinx-build]   |    â”â”â”â”â”â”â”â”â”â”â”â”â”â”â”â”â”â”â”â”â”â”â”â”â”â”â”â”â”â”â”â”â”â”â”â”â”â”â”â” 8.7/8.7 MB 35.7 MB/s eta 0:00:00
[Sphinx build/sphinx-build]   | Downloading bio-1.8.1-py3-none-any.whl (321 kB)
[Sphinx build/sphinx-build]   |    â”â”â”â”â”â”â”â”â”â”â”â”â”â”â”â”â”â”â”â”â”â”â”â”â”â”â”â”â”â”â”â”â”â”â”â”â”â”â”â” 321.3/321.3 kB 24.3 MB/s eta 0:00:00
[Sphinx build/sphinx-build]   | Downloading typer-0.20.0-py3-none-any.whl (47 kB)
[Sphinx build/sphinx-build]   |    â”â”â”â”â”â”â”â”â”â”â”â”â”â”â”â”â”â”â”â”â”â”â”â”â”â”â”â”â”â”â”â”â”â”â”â”â”â”â”â” 47.0/47.0 kB 17.1 MB/s eta 0:00:00
[Sphinx build/sphinx-build]   | Downloading ipython-9.7.0-py3-none-any.whl (618 kB)
[Sphinx build/sphinx-build]   |    â”â”â”â”â”â”â”â”â”â”â”â”â”â”â”â”â”â”â”â”â”â”â”â”â”â”â”â”â”â”â”â”â”â”â”â”â”â”â”â” 618.9/618.9 kB 31.5 MB/s eta 0:00:00
[Sphinx build/sphinx-build]   | Downloading ipython_genutils-0.2.0-py2.py3-none-any.whl (26 kB)
[Sphinx build/sphinx-build]   | Downloading ipywidgets-8.1.8-py3-none-any.whl (139 kB)
[Sphinx build/sphinx-build]   |    â”â”â”â”â”â”â”â”â”â”â”â”â”â”â”â”â”â”â”â”â”â”â”â”â”â”â”â”â”â”â”â”â”â”â”â”â”â”â”â” 139.8/139.8 kB 25.1 MB/s eta 0:00:00
[Sphinx build/sphinx-build]   | Downloading myst_parser-4.0.1-py3-none-any.whl (84 kB)
[Sphinx build/sphinx-build]   |    â”â”â”â”â”â”â”â”â”â”â”â”â”â”â”â”â”â”â”â”â”â”â”â”â”â”â”â”â”â”â”â”â”â”â”â”â”â”â”â” 84.6/84.6 kB 17.8 MB/s eta 0:00:00
[Sphinx build/sphinx-build]   | Downloading nbsphinx-0.9.7-py3-none-any.whl (31 kB)
[Sphinx build/sphinx-build]   | Downloading nbsphinx_link-1.3.1-py3-none-any.whl (5.2 kB)
[Sphinx build/sphinx-build]   | Downloading shapely-2.1.2-cp311-cp311-manylinux2014_x86_64.manylinux_2_17_x86_64.whl (3.1 MB)
[Sphinx build/sphinx-build]   |    â”â”â”â”â”â”â”â”â”â”â”â”â”â”â”â”â”â”â”â”â”â”â”â”â”â”â”â”â”â”â”â”â”â”â”â”â”â”â”â” 3.1/3.1 MB 35.8 MB/s eta 0:00:00
[Sphinx build/sphinx-build]   | Downloading sphinx_markdown_builder-0.6.8-py3-none-any.whl (17 kB)
[Sphinx build/sphinx-build]   | Downloading sphinx_rtd_theme-3.0.2-py2.py3-none-any.whl (7.7 MB)
[Sphinx build/sphinx-build]   |    â”â”â”â”â”â”â”â”â”â”â”â”â”â”â”â”â”â”â”â”â”â”â”â”â”â”â”â”â”â”â”â”â”â”â”â”â”â”â”â” 7.7/7.7 MB 36.8 MB/s eta 0:00:00
[Sphinx build/sphinx-build]   | Downloading biopython-1.86-cp311-cp311-manylinux2014_x86_64.manylinux_2_17_x86_64.manylinux_2_28_x86_64.whl (3.2 MB)
[Sphinx build/sphinx-build]   |    â”â”â”â”â”â”â”â”â”â”â”â”â”â”â”â”â”â”â”â”â”â”â”â”â”â”â”â”â”â”â”â”â”â”â”â”â”â”â”â” 3.2/3.2 MB 36.3 MB/s eta 0:00:00
[Sphinx build/sphinx-build]   | Downloading click-8.3.1-py3-none-any.whl (108 kB)
[Sphinx build/sphinx-build]   |    â”â”â”â”â”â”â”â”â”â”â”â”â”â”â”â”â”â”â”â”â”â”â”â”â”â”â”â”â”â”â”â”â”â”â”â”â”â”â”â” 108.3/108.3 kB 30.8 MB/s eta 0:00:00
[Sphinx build/sphinx-build]   | Downloading comm-0.2.3-py3-none-any.whl (7.3 kB)
[Sphinx build/sphinx-build]   | Downloading contourpy-1.3.3-cp311-cp311-manylinux_2_27_x86_64.manylinux_2_28_x86_64.whl (355 kB)
[Sphinx build/sphinx-build]   |    â”â”â”â”â”â”â”â”â”â”â”â”â”â”â”â”â”â”â”â”â”â”â”â”â”â”â”â”â”â”â”â”â”â”â”â”â”â”â”â” 355.2/355.2 kB 40.5 MB/s eta 0:00:00
[Sphinx build/sphinx-build]   | Downloading cycler-0.12.1-py3-none-any.whl (8.3 kB)
[Sphinx build/sphinx-build]   | Downloading decorator-5.2.1-py3-none-any.whl (9.2 kB)
[Sphinx build/sphinx-build]   | Downloading fonttools-4.60.1-cp311-cp311-manylinux2014_x86_64.manylinux_2_17_x86_64.whl (5.0 MB)
[Sphinx build/sphinx-build]   |    â”â”â”â”â”â”â”â”â”â”â”â”â”â”â”â”â”â”â”â”â”â”â”â”â”â”â”â”â”â”â”â”â”â”â”â”â”â”â”â” 5.0/5.0 MB 36.1 MB/s eta 0:00:00
[Sphinx build/sphinx-build]   | Downloading ipython_pygments_lexers-1.1.1-py3-none-any.whl (8.1 kB)
[Sphinx build/sphinx-build]   | Downloading jedi-0.19.2-py2.py3-none-any.whl (1.6 MB)
[Sphinx build/sphinx-build]   |    â”â”â”â”â”â”â”â”â”â”â”â”â”â”â”â”â”â”â”â”â”â”â”â”â”â”â”â”â”â”â”â”â”â”â”â”â”â”â”â” 1.6/1.6 MB 37.6 MB/s eta 0:00:00
[Sphinx build/sphinx-build]   | Downloading jupyterlab_widgets-3.0.16-py3-none-any.whl (914 kB)
[Sphinx build/sphinx-build]   |    â”â”â”â”â”â”â”â”â”â”â”â”â”â”â”â”â”â”â”â”â”â”â”â”â”â”â”â”â”â”â”â”â”â”â”â”â”â”â”â” 914.9/914.9 kB 39.3 MB/s eta 0:00:00
[Sphinx build/sphinx-build]   | Downloading kiwisolver-1.4.9-cp311-cp311-manylinux2014_x86_64.manylinux_2_17_x86_64.whl (1.4 MB)
[Sphinx build/sphinx-build]   |    â”â”â”â”â”â”â”â”â”â”â”â”â”â”â”â”â”â”â”â”â”â”â”â”â”â”â”â”â”â”â”â”â”â”â”â”â”â”â”â” 1.4/1.4 MB 37.3 MB/s eta 0:00:00
[Sphinx build/sphinx-build]   | Downloading markdown_it_py-3.0.0-py3-none-any.whl (87 kB)
[Sphinx build/sphinx-build]   |    â”â”â”â”â”â”â”â”â”â”â”â”â”â”â”â”â”â”â”â”â”â”â”â”â”â”â”â”â”â”â”â”â”â”â”â”â”â”â”â” 87.5/87.5 kB 30.1 MB/s eta 0:00:00
[Sphinx build/sphinx-build]   | Downloading matplotlib_inline-0.2.1-py3-none-any.whl (9.5 kB)
[Sphinx build/sphinx-build]   | Downloading mdit_py_plugins-0.5.0-py3-none-any.whl (57 kB)
[Sphinx build/sphinx-build]   |    â”â”â”â”â”â”â”â”â”â”â”â”â”â”â”â”â”â”â”â”â”â”â”â”â”â”â”â”â”â”â”â”â”â”â”â”â”â”â”â” 57.2/57.2 kB 7.9 MB/s eta 0:00:00
[Sphinx build/sphinx-build]   | Downloading nbconvert-7.16.6-py3-none-any.whl (258 kB)
[Sphinx build/sphinx-build]   |    â”â”â”â”â”â”â”â”â”â”â”â”â”â”â”â”â”â”â”â”â”â”â”â”â”â”â”â”â”â”â”â”â”â”â”â”â”â”â”â” 258.5/258.5 kB 32.0 MB/s eta 0:00:00
[Sphinx build/sphinx-build]   | Downloading nbformat-5.10.4-py3-none-any.whl (78 kB)
[Sphinx build/sphinx-build]   |    â”â”â”â”â”â”â”â”â”â”â”â”â”â”â”â”â”â”â”â”â”â”â”â”â”â”â”â”â”â”â”â”â”â”â”â”â”â”â”â” 78.5/78.5 kB 29.6 MB/s eta 0:00:00
[Sphinx build/sphinx-build]   | Downloading numpy-2.3.5-cp311-cp311-manylinux_2_27_x86_64.manylinux_2_28_x86_64.whl (16.9 MB)
[Sphinx build/sphinx-build]   |    â”â”â”â”â”â”â”â”â”â”â”â”â”â”â”â”â”â”â”â”â”â”â”â”â”â”â”â”â”â”â”â”â”â”â”â”â”â”â”â” 16.9/16.9 MB 36.1 MB/s eta 0:00:00
[Sphinx build/sphinx-build]   | Downloading pexpect-4.9.0-py2.py3-none-any.whl (63 kB)
[Sphinx build/sphinx-build]   |    â”â”â”â”â”â”â”â”â”â”â”â”â”â”â”â”â”â”â”â”â”â”â”â”â”â”â”â”â”â”â”â”â”â”â”â”â”â”â”â” 63.8/63.8 kB 29.6 MB/s eta 0:00:00
[Sphinx build/sphinx-build]   | Downloading prompt_toolkit-3.0.52-py3-none-any.whl (391 kB)
[Sphinx build/sphinx-build]   |    â”â”â”â”â”â”â”â”â”â”â”â”â”â”â”â”â”â”â”â”â”â”â”â”â”â”â”â”â”â”â”â”â”â”â”â”â”â”â”â” 391.4/391.4 kB 37.7 MB/s eta 0:00:00
[Sphinx build/sphinx-build]   | Downloading pyparsing-3.2.5-py3-none-any.whl (113 kB)
[Sphinx build/sphinx-build]   |    â”â”â”â”â”â”â”â”â”â”â”â”â”â”â”â”â”â”â”â”â”â”â”â”â”â”â”â”â”â”â”â”â”â”â”â”â”â”â”â” 113.9/113.9 kB 26.5 MB/s eta 0:00:00
[Sphinx build/sphinx-build]   | Downloading python_dateutil-2.9.0.post0-py2.py3-none-any.whl (229 kB)
[Sphinx build/sphinx-build]   |    â”â”â”â”â”â”â”â”â”â”â”â”â”â”â”â”â”â”â”â”â”â”â”â”â”â”â”â”â”â”â”â”â”â”â”â”â”â”â”â” 229.9/229.9 kB 22.3 MB/s eta 0:00:00
[Sphinx build/sphinx-build]   | Downloading pytz-2025.2-py2.py3-none-any.whl (509 kB)
[Sphinx build/sphinx-build]   |    â”â”â”â”â”â”â”â”â”â”â”â”â”â”â”â”â”â”â”â”â”â”â”â”â”â”â”â”â”â”â”â”â”â”â”â”â”â”â”â” 509.2/509.2 kB 31.5 MB/s eta 0:00:00
[Sphinx build/sphinx-build]   | Downloading rich-14.2.0-py3-none-any.whl (243 kB)
[Sphinx build/sphinx-build]   |    â”â”â”â”â”â”â”â”â”â”â”â”â”â”â”â”â”â”â”â”â”â”â”â”â”â”â”â”â”â”â”â”â”â”â”â”â”â”â”â” 243.4/243.4 kB 31.4 MB/s eta 0:00:00
[Sphinx build/sphinx-build]   | Downloading shellingham-1.5.4-py2.py3-none-any.whl (9.8 kB)
[Sphinx build/sphinx-build]   | Downloading sphinxcontrib_jquery-4.1-py2.py3-none-any.whl (121 kB)
[Sphinx build/sphinx-build]   |    â”â”â”â”â”â”â”â”â”â”â”â”â”â”â”â”â”â”â”â”â”â”â”â”â”â”â”â”â”â”â”â”â”â”â”â”â”â”â”â” 121.1/121.1 kB 14.1 MB/s eta 0:00:00
[Sphinx build/sphinx-build]   | Downloading stack_data-0.6.3-py3-none-any.whl (24 kB)
[Sphinx build/sphinx-build]   | Downloading traitlets-5.14.3-py3-none-any.whl (85 kB)
[Sphinx build/sphinx-build]   |    â”â”â”â”â”â”â”â”â”â”â”â”â”â”â”â”â”â”â”â”â”â”â”â”â”â”â”â”â”â”â”â”â”â”â”â”â”â”â”â” 85.4/85.4 kB 17.1 MB/s eta 0:00:00
[Sphinx build/sphinx-build]   | Downloading typing_extensions-4.15.0-py3-none-any.whl (44 kB)
[Sphinx build/sphinx-build]   |    â”â”â”â”â”â”â”â”â”â”â”â”â”â”â”â”â”â”â”â”â”â”â”â”â”â”â”â”â”â”â”â”â”â”â”â”â”â”â”â” 44.6/44.6 kB 17.7 MB/s eta 0:00:00
[Sphinx build/sphinx-build]   | Downloading tzdata-2025.2-py2.py3-none-any.whl (347 kB)
[Sphinx build/sphinx-build]   |    â”â”â”â”â”â”â”â”â”â”â”â”â”â”â”â”â”â”â”â”â”â”â”â”â”â”â”â”â”â”â”â”â”â”â”â”â”â”â”â” 347.8/347.8 kB 29.7 MB/s eta 0:00:00
[Sphinx build/sphinx-build]   | Downloading widgetsnbextension-4.0.15-py3-none-any.whl (2.2 MB)
[Sphinx build/sphinx-build]   |    â”â”â”â”â”â”â”â”â”â”â”â”â”â”â”â”â”â”â”â”â”â”â”â”â”â”â”â”â”â”â”â”â”â”â”â”â”â”â”â” 2.2/2.2 MB 34.1 MB/s eta 0:00:00
[Sphinx build/sphinx-build]   | Downloading gprofiler_official-1.0.0-py3-none-any.whl (9.3 kB)
[Sphinx build/sphinx-build]   | Downloading mygene-3.2.2-py2.py3-none-any.whl (5.4 kB)
[Sphinx build/sphinx-build]   | Downloading pooch-1.8.2-py3-none-any.whl (64 kB)
[Sphinx build/sphinx-build]   |    â”â”â”â”â”â”â”â”â”â”â”â”â”â”â”â”â”â”â”â”â”â”â”â”â”â”â”â”â”â”â”â”â”â”â”â”â”â”â”â” 64.6/64.6 kB 17.4 MB/s eta 0:00:00
[Sphinx build/sphinx-build]   | Downloading pyyaml-6.0.3-cp311-cp311-manylinux2014_x86_64.manylinux_2_17_x86_64.manylinux_2_28_x86_64.whl (806 kB)
[Sphinx build/sphinx-build]   |    â”â”â”â”â”â”â”â”â”â”â”â”â”â”â”â”â”â”â”â”â”â”â”â”â”â”â”â”â”â”â”â”â”â”â”â”â”â”â”â” 806.6/806.6 kB 37.2 MB/s eta 0:00:00
[Sphinx build/sphinx-build]   | Downloading tabulate-0.9.0-py3-none-any.whl (35 kB)
[Sphinx build/sphinx-build]   | Downloading tqdm-4.67.1-py3-none-any.whl (78 kB)
[Sphinx build/sphinx-build]   |    â”â”â”â”â”â”â”â”â”â”â”â”â”â”â”â”â”â”â”â”â”â”â”â”â”â”â”â”â”â”â”â”â”â”â”â”â”â”â”â” 78.5/78.5 kB 43.3 MB/s eta 0:00:00
[Sphinx build/sphinx-build]   | Downloading asttokens-3.0.1-py3-none-any.whl (27 kB)
[Sphinx build/sphinx-build]   | Downloading biothings_client-0.4.1-py3-none-any.whl (46 kB)
[Sphinx build/sphinx-build]   |    â”â”â”â”â”â”â”â”â”â”â”â”â”â”â”â”â”â”â”â”â”â”â”â”â”â”â”â”â”â”â”â”â”â”â”â”â”â”â”â” 46.7/46.7 kB 20.3 MB/s eta 0:00:00
[Sphinx build/sphinx-build]   | Downloading executing-2.2.1-py2.py3-none-any.whl (28 kB)
[Sphinx build/sphinx-build]   | Downloading fastjsonschema-2.21.2-py3-none-any.whl (24 kB)
[Sphinx build/sphinx-build]   | Downloading jsonschema-4.25.1-py3-none-any.whl (90 kB)
[Sphinx build/sphinx-build]   |    â”â”â”â”â”â”â”â”â”â”â”â”â”â”â”â”â”â”â”â”â”â”â”â”â”â”â”â”â”â”â”â”â”â”â”â”â”â”â”â” 90.0/90.0 kB 33.3 MB/s eta 0:00:00
[Sphinx build/sphinx-build]   | Downloading jupyter_core-5.9.1-py3-none-any.whl (29 kB)
[Sphinx build/sphinx-build]   | Downloading mdurl-0.1.2-py3-none-any.whl (10.0 kB)
[Sphinx build/sphinx-build]   | Downloading mistune-3.1.4-py3-none-any.whl (53 kB)
[Sphinx build/sphinx-build]   |    â”â”â”â”â”â”â”â”â”â”â”â”â”â”â”â”â”â”â”â”â”â”â”â”â”â”â”â”â”â”â”â”â”â”â”â”â”â”â”â” 53.5/53.5 kB 16.8 MB/s eta 0:00:00
[Sphinx build/sphinx-build]   | Downloading nbclient-0.10.2-py3-none-any.whl (25 kB)
[Sphinx build/sphinx-build]   | Downloading pandocfilters-1.5.1-py2.py3-none-any.whl (8.7 kB)
[Sphinx build/sphinx-build]   | Downloading parso-0.8.5-py2.py3-none-any.whl (106 kB)
[Sphinx build/sphinx-build]   |    â”â”â”â”â”â”â”â”â”â”â”â”â”â”â”â”â”â”â”â”â”â”â”â”â”â”â”â”â”â”â”â”â”â”â”â”â”â”â”â” 106.7/106.7 kB 22.2 MB/s eta 0:00:00
[Sphinx build/sphinx-build]   | Downloading platformdirs-4.5.0-py3-none-any.whl (18 kB)
[Sphinx build/sphinx-build]   | Downloading ptyprocess-0.7.0-py2.py3-none-any.whl (13 kB)
[Sphinx build/sphinx-build]   | Downloading six-1.17.0-py2.py3-none-any.whl (11 kB)
[Sphinx build/sphinx-build]   | Downloading beautifulsoup4-4.14.2-py3-none-any.whl (106 kB)
[Sphinx build/sphinx-build]   |    â”â”â”â”â”â”â”â”â”â”â”â”â”â”â”â”â”â”â”â”â”â”â”â”â”â”â”â”â”â”â”â”â”â”â”â”â”â”â”â” 106.4/106.4 kB 28.9 MB/s eta 0:00:00
[Sphinx build/sphinx-build]   | Downloading defusedxml-0.7.1-py2.py3-none-any.whl (25 kB)
[Sphinx build/sphinx-build]   | Downloading jupyterlab_pygments-0.3.0-py3-none-any.whl (15 kB)
[Sphinx build/sphinx-build]   | Downloading pure_eval-0.2.3-py3-none-any.whl (11 kB)
[Sphinx build/sphinx-build]   | Downloading wcwidth-0.2.14-py2.py3-none-any.whl (37 kB)
[Sphinx build/sphinx-build]   | Downloading attrs-25.4.0-py3-none-any.whl (67 kB)
[Sphinx build/sphinx-build]   |    â”â”â”â”â”â”â”â”â”â”â”â”â”â”â”â”â”â”â”â”â”â”â”â”â”â”â”â”â”â”â”â”â”â”â”â”â”â”â”â” 67.6/67.6 kB 21.5 MB/s eta 0:00:00
[Sphinx build/sphinx-build]   | Downloading httpx-0.28.1-py3-none-any.whl (73 kB)
[Sphinx build/sphinx-build]   |    â”â”â”â”â”â”â”â”â”â”â”â”â”â”â”â”â”â”â”â”â”â”â”â”â”â”â”â”â”â”â”â”â”â”â”â”â”â”â”â” 73.5/73.5 kB 22.6 MB/s eta 0:00:00
[Sphinx build/sphinx-build]   | Downloading httpcore-1.0.9-py3-none-any.whl (78 kB)
[Sphinx build/sphinx-build]   |    â”â”â”â”â”â”â”â”â”â”â”â”â”â”â”â”â”â”â”â”â”â”â”â”â”â”â”â”â”â”â”â”â”â”â”â”â”â”â”â” 78.8/78.8 kB 18.4 MB/s eta 0:00:00
[Sphinx build/sphinx-build]   | Downloading jsonschema_specifications-2025.9.1-py3-none-any.whl (18 kB)
[Sphinx build/sphinx-build]   | Downloading jupyter_client-8.6.3-py3-none-any.whl (106 kB)
[Sphinx build/sphinx-build]   |    â”â”â”â”â”â”â”â”â”â”â”â”â”â”â”â”â”â”â”â”â”â”â”â”â”â”â”â”â”â”â”â”â”â”â”â”â”â”â”â” 106.1/106.1 kB 29.1 MB/s eta 0:00:00
[Sphinx build/sphinx-build]   | Downloading referencing-0.37.0-py3-none-any.whl (26 kB)
[Sphinx build/sphinx-build]   | Downloading rpds_py-0.29.0-cp311-cp311-manylinux_2_17_x86_64.manylinux2014_x86_64.whl (392 kB)
[Sphinx build/sphinx-build]   |    â”â”â”â”â”â”â”â”â”â”â”â”â”â”â”â”â”â”â”â”â”â”â”â”â”â”â”â”â”â”â”â”â”â”â”â”â”â”â”â” 392.9/392.9 kB 31.6 MB/s eta 0:00:00
[Sphinx build/sphinx-build]   | Downloading soupsieve-2.8-py3-none-any.whl (36 kB)
[Sphinx build/sphinx-build]   | Downloading tinycss2-1.4.0-py3-none-any.whl (26 kB)
[Sphinx build/sphinx-build]   | Downloading webencodings-0.5.1-py2.py3-none-any.whl (11 kB)
[Sphinx build/sphinx-build]   | Downloading bleach-6.3.0-py3-none-any.whl (164 kB)
[Sphinx build/sphinx-build]   |    â”â”â”â”â”â”â”â”â”â”â”â”â”â”â”â”â”â”â”â”â”â”â”â”â”â”â”â”â”â”â”â”â”â”â”â”â”â”â”â” 164.4/164.4 kB 43.7 MB/s eta 0:00:00
[Sphinx build/sphinx-build]   | Downloading pyzmq-27.1.0-cp311-cp311-manylinux_2_26_x86_64.manylinux_2_28_x86_64.whl (857 kB)
[Sphinx build/sphinx-build]   |    â”â”â”â”â”â”â”â”â”â”â”â”â”â”â”â”â”â”â”â”â”â”â”â”â”â”â”â”â”â”â”â”â”â”â”â”â”â”â”â” 857.0/857.0 kB 35.2 MB/s eta 0:00:00
[Sphinx build/sphinx-build]   | Downloading tornado-6.5.2-cp39-abi3-manylinux_2_5_x86_64.manylinux1_x86_64.manylinux_2_17_x86_64.manylinux2014_x86_64.whl (443 kB)
[Sphinx build/sphinx-build]   |    â”â”â”â”â”â”â”â”â”â”â”â”â”â”â”â”â”â”â”â”â”â”â”â”â”â”â”â”â”â”â”â”â”â”â”â”â”â”â”â” 443.9/443.9 kB 34.6 MB/s eta 0:00:00
[Sphinx build/sphinx-build]   | Downloading anyio-4.11.0-py3-none-any.whl (109 kB)
[Sphinx build/sphinx-build]   |    â”â”â”â”â”â”â”â”â”â”â”â”â”â”â”â”â”â”â”â”â”â”â”â”â”â”â”â”â”â”â”â”â”â”â”â”â”â”â”â” 109.1/109.1 kB 30.8 MB/s eta 0:00:00
[Sphinx build/sphinx-build]   | Downloading h11-0.16.0-py3-none-any.whl (37 kB)
[Sphinx build/sphinx-build]   | Downloading sniffio-1.3.1-py3-none-any.whl (10 kB)
[Sphinx build/sphinx-build]   | Installing collected packages: webencodings, pytz, pure-eval, ptyprocess, ipython_genutils, fastjsonschema, widgetsnbextension, wcwidth, tzdata, typing-extensions, traitlets, tqdm, tornado, tinycss2, tabulate, soupsieve, sniffio, six, shellingham, rpds-py, pyzmq, pyyaml, pyparsing, platformdirs, pexpect, parso, pandocfilters, numpy, mistune, mdurl, kiwisolver, jupyterlab_widgets, jupyterlab-pygments, ipython-pygments-lexers, h11, fonttools, executing, defusedxml, decorator, cycler, comm, click, bleach, attrs, asttokens, stack_data, shapely, referencing, python-dateutil, prompt_toolkit, pooch, matplotlib-inline, markdown-it-py, jupyter-core, jedi, httpcore, gprofiler-official, contourpy, biopython, beautifulsoup4, anyio, rich, pandas, mdit-py-plugins, matplotlib, jupyter-client, jsonschema-specifications, ipython, httpx, typer, jsonschema, ipywidgets, biothings-client, nbformat, mygene, nbclient, Bio, nbconvert, sphinxcontrib-jquery, nbsphinx, sphinx-rtd-theme, sphinx-markdown-builder, nbsphinx-link, myst-parser
[Sphinx build/sphinx-build]   | Successfully installed Bio-1.8.1 anyio-4.11.0 asttokens-3.0.1 attrs-25.4.0 beautifulsoup4-4.14.2 biopython-1.86 biothings-client-0.4.1 bleach-6.3.0 click-8.3.1 comm-0.2.3 contourpy-1.3.3 cycler-0.12.1 decorator-5.2.1 defusedxml-0.7.1 executing-2.2.1 fastjsonschema-2.21.2 fonttools-4.60.1 gprofiler-official-1.0.0 h11-0.16.0 httpcore-1.0.9 httpx-0.28.1 ipython-9.7.0 ipython-pygments-lexers-1.1.1 ipython_genutils-0.2.0 ipywidgets-8.1.8 jedi-0.19.2 jsonschema-4.25.1 jsonschema-specifications-2025.9.1 jupyter-client-8.6.3 jupyter-core-5.9.1 jupyterlab-pygments-0.3.0 jupyterlab_widgets-3.0.16 kiwisolver-1.4.9 markdown-it-py-3.0.0 matplotlib-3.10.7 matplotlib-inline-0.2.1 mdit-py-plugins-0.5.0 mdurl-0.1.2 mistune-3.1.4 mygene-3.2.2 myst-parser-4.0.1 nbclient-0.10.2 nbconvert-7.16.6 nbformat-5.10.4 nbsphinx-0.9.7 nbsphinx-link-1.3.1 numpy-2.3.5 pandas-2.3.3 pandocfilters-1.5.1 parso-0.8.5 pexpect-4.9.0 platformdirs-4.5.0 pooch-1.8.2 prompt_toolkit-3.0.52 ptyprocess-0.7.0 pure-eval-0.2.3 pyparsing-3.2.5 python-dateutil-2.9.0.post0 pytz-2025.2 pyyaml-6.0.3 pyzmq-27.1.0 referencing-0.37.0 rich-14.2.0 rpds-py-0.29.0 shapely-2.1.2 shellingham-1.5.4 six-1.17.0 sniffio-1.3.1 soupsieve-2.8 sphinx-markdown-builder-0.6.8 sphinx-rtd-theme-3.0.2 sphinxcontrib-jquery-4.1 stack_data-0.6.3 tabulate-0.9.0 tinycss2-1.4.0 tornado-6.5.2 tqdm-4.67.1 traitlets-5.14.3 typer-0.20.0 typing-extensions-4.15.0 tzdata-2025.2 wcwidth-0.2.14 webencodings-0.5.1 widgetsnbextension-4.0.15
[Sphinx build/sphinx-build]   | WARNING: Running pip as the 'root' user can result in broken permissions and conflicting behaviour with the system package manager. It is recommended to use a virtual environment instead: https://pip.pypa.io/warnings/venv
[Sphinx build/sphinx-build]   | 
[Sphinx build/sphinx-build]   | [notice] A new release of pip is available: 23.2.1 -> 25.3
[Sphinx build/sphinx-build]   | [notice] To update, run: pip install --upgrade pip
[Sphinx build/sphinx-build]   | Running Sphinx v7.0.0
[Sphinx build/sphinx-build]   | myst v4.0.1: MdParserConfig(commonmark_only=False, gfm_only=False, enable_extensions=set(), disable_syntax=[], all_links_external=False, links_external_new_tab=False, url_schemes=('http', 'https', 'mailto', 'ftp'), ref_domains=None, fence_as_directive=set(), number_code_blocks=[], title_to_header=False, heading_anchors=0, heading_slug_func=None, html_meta={}, footnote_sort=True, footnote_transition=True, words_per_minute=200, substitutions={}, linkify_fuzzy_links=True, dmath_allow_labels=True, dmath_allow_space=True, dmath_allow_digits=True, dmath_double_inline=False, update_mathjax=True, mathjax_classes='tex2jax_process|mathjax_process|math|output_area', enable_checkboxes=False, suppress_warnings=[], highlight_code_blocks=True)
[Sphinx build/sphinx-build]   | building [mo]: targets for 0 po files that are out of date
[Sphinx build/sphinx-build]   | writing output... 
[Sphinx build/sphinx-build]   | building [html]: targets for 6 source files that are out of date
[Sphinx build/sphinx-build]   | updating environment: [new config] 6 added, 0 changed, 0 removed
[Sphinx build/sphinx-build]   | reading sources... [ 16%] authors_link
[Sphinx build/sphinx-build]   | reading sources... [ 33%] index
[Sphinx build/sphinx-build]   | reading sources... [ 50%] notebooks
[Sphinx build/sphinx-build]   | reading sources... [ 66%] notebooks/examples
[Sphinx build/sphinx-build]   | 
[Sphinx build/sphinx-build]   | Notebook error:
[Sphinx build/sphinx-build]   | PandocMissing in notebooks/examples.nblink:
[Sphinx build/sphinx-build]   | Pandoc wasn't found.
[Sphinx build/sphinx-build]   | Please check that pandoc is installed:
[Sphinx build/sphinx-build]   | https://pandoc.org/installing.html
[Sphinx build/sphinx-build]   | make: *** [Makefile:20: html] Error 2
[Sphinx build/sphinx-build]   | Traceback (most recent call last):
[Sphinx build/sphinx-build]   |   File "/entrypoint.py", line 22, in <module>
[Sphinx build/sphinx-build]   |     action.build_all_docs(github_env, [os.environ.get("INPUT_DOCS-FOLDER")])
[Sphinx build/sphinx-build]   |   File "/sphinx_action/action.py", line 167, in build_all_docs
[Sphinx build/sphinx-build]   | [sphinx-action] Starting sphinx-action build.
[Sphinx build/sphinx-build]   | Running: sudo apt update && sudo apt install pandoc
[Sphinx build/sphinx-build]   | ====================================
[Sphinx build/sphinx-build]   | Building docs in docs/
[Sphinx build/sphinx-build]   | ====================================
[Sphinx build/sphinx-build]   | [sphinx-action] Running: ['make', 'html', '-e']
[Sphinx build/sphinx-build]   | [sphinx-action] Build failed with 0 warnings
[Sphinx build/sphinx-build]   |     raise RuntimeError("Build failed")
[Sphinx build/sphinx-build]   | RuntimeError: Build failed
[Sphinx build/sphinx-build]   âŒ  Failure - Main Build HTML [21.920082482s]
[Sphinx build/sphinx-build] exit with `FAILURE`: 1
[Sphinx build/sphinx-build] â­ Run Complete job
[Sphinx build/sphinx-build]   âœ…  Success - Complete job
[Sphinx build/sphinx-build] ğŸ  Job failed
